2026-04-25 20:38:53,574  INFO  Starting LAMBDA server...
2026-04-27 10:44:37,549  INFO  Starting LAMBDA server...
2026-04-27 10:44:57,558  INFO  Server ready.
2026-04-27 10:44:57,824  INFO  Shutting down LAMBDA server...
2026-04-27 10:44:57,824  INFO  Server stopped.
2026-04-27 10:44:57,824  INFO  All done. Results in: results/
2026-04-27 11:07:40,268  INFO  Starting LAMBDA server...
2026-04-27 11:08:05,278  INFO  Server ready.
2026-04-27 11:08:05,280  INFO  Connecting to server (Attempt 1/5)...
2026-04-27 11:08:05,297  INFO  Server booting... waiting 5s
2026-04-27 11:08:10,303  INFO  Connecting to server (Attempt 2/5)...
2026-04-27 11:08:10,313  INFO  Server booting... waiting 5s
2026-04-27 11:08:15,318  INFO  Connecting to server (Attempt 3/5)...
2026-04-27 11:08:15,327  INFO  Server booting... waiting 5s
2026-04-27 11:08:20,333  INFO  Connecting to server (Attempt 4/5)...
2026-04-27 11:08:20,344  INFO  Server booting... waiting 5s
2026-04-27 11:08:25,346  INFO  Connecting to server (Attempt 5/5)...
2026-04-27 11:08:25,367  INFO  Server booting... waiting 5s
2026-04-27 11:08:30,371  INFO  Shutting down LAMBDA server...
2026-04-27 11:08:30,372  INFO  Server stopped.
2026-04-27 11:08:30,372  INFO  All done. Results in: results/
2026-04-27 11:14:31,357  INFO  Starting LAMBDA server...
2026-04-27 11:15:21,366  INFO  Server ready.
2026-04-27 11:15:21,368  INFO  Connecting to server (Attempt 1/5)...
2026-04-27 11:15:21,389  INFO  Server booting... waiting 5s
2026-04-27 11:15:26,391  INFO  Connecting to server (Attempt 2/5)...
2026-04-27 11:15:26,402  INFO  Server booting... waiting 5s
2026-04-27 11:15:31,408  INFO  Connecting to server (Attempt 3/5)...
2026-04-27 11:15:31,424  INFO  Server booting... waiting 5s
2026-04-27 11:15:36,429  INFO  Connecting to server (Attempt 4/5)...
2026-04-27 11:15:36,443  INFO  Server booting... waiting 5s
2026-04-27 11:15:41,444  INFO  Connecting to server (Attempt 5/5)...
2026-04-27 11:15:41,468  INFO  Server booting... waiting 5s
2026-04-27 11:15:46,472  INFO  Shutting down LAMBDA server...
2026-04-27 11:15:46,473  INFO  Server stopped.
2026-04-27 11:15:46,473  INFO  All done. Results in: results/
